serial: kernel start
usb/xhci: found host controller at 0:1.2 vendor=0x04x
usb/xhci: dumping PCI config header for 00:01.2
usb/pci: cfg[00]=0x70208086
usb/pci: cfg[04]=0x00000107
usb/pci: cfg[08]=0x0C030001
usb/pci: cfg[0C]=0x00000000
usb/pci: cfg[10]=0x00000000
usb/pci: cfg[14]=0x00000000
usb/pci: cfg[18]=0x00000000
usb/pci: cfg[1C]=0x00000000
usb/pci: cfg[20]=0x0000C041
usb/pci: cfg[24]=0x00000000
usb/pci: cfg[28]=0x00000000
usb/pci: cfg[2C]=0x11001AF4
usb/pci: cfg[30]=0x00000000
usb/pci: cfg[34]=0x00000000
usb/pci: cfg[38]=0x00000000
usb/pci: cfg[3C]=0x0000040B
usb/xhci: PCI BAR0=0x08x base=0x08lx (null)
usb/xhci: CAPLENGTH read=0x02x
usb/xhci: CAPLENGTH=83 OP_BASE=0xp HCSPARAMS1=0x08x NUM_PORTS=83
usb/xhci: USBCMD=0x08x
usb/xhci: PORT 1: PORTSC=0x08x
usb/xhci: PORT 2: PORTSC=0x08x
usb/xhci: PORT 3: PORTSC=0x08x
usb/xhci: PORT 4: PORTSC=0x08x
usb/xhci: PORT 5: PORTSC=0x08x
usb/xhci: PORT 6: PORTSC=0x08x
usb/xhci: PORT 7: PORTSC=0x08x
usb/xhci: PORT 8: PORTSC=0x08x
usb/xhci: PORT 9: PORTSC=0x08x
usb/xhci: PORT 10: PORTSC=0x08x
usb/xhci: PORT 11: PORTSC=0x08x
usb/xhci: PORT 12: PORTSC=0x08x
usb/xhci: PORT 13: PORTSC=0x08x
usb/xhci: PORT 14: PORTSC=0x08x
usb/xhci: PORT 15: PORTSC=0x08x
usb/xhci: PORT 16: PORTSC=0x08x
usb/xhci: PORT 17: PORTSC=0x08x
usb/xhci: PORT 18: PORTSC=0x08x
usb/xhci: PORT 19: PORTSC=0x08x
usb/xhci: PORT 20: PORTSC=0x08x
usb/xhci: PORT 21: PORTSC=0x08x
usb/xhci: PORT 22: PORTSC=0x08x
usb/xhci: PORT 23: PORTSC=0x08x
usb/xhci: PORT 24: PORTSC=0x08x
usb/xhci: PORT 25: PORTSC=0x08x
usb/xhci: PORT 26: PORTSC=0x08x
usb/xhci: PORT 27: PORTSC=0x08x
usb/xhci: PORT 28: PORTSC=0x08x
usb/xhci: PORT 29: PORTSC=0x08x
usb/xhci: PORT 30: PORTSC=0x08x
usb/xhci: PORT 31: PORTSC=0x08x
usb/xhci: PORT 32: PORTSC=0x08x
usb/xhci: PORT 33: PORTSC=0x08x
usb/xhci: PORT 34: PORTSC=0x08x
usb/xhci: PORT 35: PORTSC=0x08x
usb/xhci: PORT 36: PORTSC=0x08x
usb/xhci: PORT 37: PORTSC=0x08x
usb/xhci: PORT 38: PORTSC=0x08x
usb/xhci: PORT 39: PORTSC=0x08x
usb/xhci: PORT 40: PORTSC=0x08x
usb/xhci: PORT 41: PORTSC=0x08x
usb/xhci: PORT 42: PORTSC=0x08x
usb/xhci: PORT 43: PORTSC=0x08x
usb/xhci: PORT 44: PORTSC=0x08x
usb/xhci: PORT 45: PORTSC=0x08x
usb/xhci: PORT 46: PORTSC=0x08x
usb/xhci: PORT 47: PORTSC=0x08x
usb/xhci: PORT 48: PORTSC=0x08x
usb/xhci: PORT 49: PORTSC=0x08x
usb/xhci: PORT 50: PORTSC=0x08x
usb/xhci: PORT 51: PORTSC=0x08x
usb/xhci: PORT 52: PORTSC=0x08x
usb/xhci: PORT 53: PORTSC=0x08x
usb/xhci: PORT 54: PORTSC=0x08x
usb/xhci: PORT 55: PORTSC=0x08x
usb/xhci: PORT 56: PORTSC=0x08x
usb/xhci: PORT 57: PORTSC=0x08x
usb/xhci: PORT 58: PORTSC=0x08x
usb/xhci: PORT 59: PORTSC=0x08x
usb/xhci: PORT 60: PORTSC=0x08x
usb/xhci: PORT 61: PORTSC=0x08x
usb/xhci: PORT 62: PORTSC=0x08x
usb/xhci: PORT 63: PORTSC=0x08x
usb/xhci: PORT 64: PORTSC=0x08x
usb/xhci: PORT 65: PORTSC=0x08x
usb/xhci: PORT 66: PORTSC=0x08x
usb/xhci: PORT 67: PORTSC=0x08x
usb/xhci: PORT 68: PORTSC=0x08x
usb/xhci: PORT 69: PORTSC=0x08x
usb/xhci: PORT 70: PORTSC=0x08x
usb/xhci: PORT 71: PORTSC=0x08x
usb/xhci: PORT 72: PORTSC=0x08x
usb/xhci: PORT 73: PORTSC=0x08x
usb/xhci: PORT 74: PORTSC=0x08x
usb/xhci: PORT 75: PORTSC=0x08x
usb/xhci: PORT 76: PORTSC=0x08x
usb/xhci: PORT 77: PORTSC=0x08x
usb/xhci: PORT 78: PORTSC=0x08x
usb/xhci: PORT 79: PORTSC=0x08x
usb/xhci: PORT 80: PORTSC=0x08x
usb/xhci: PORT 81: PORTSC=0x08x
usb/xhci: PORT 82: PORTSC=0x08x
usb/xhci: PORT 83: PORTSC=0x08x
usb/xhci: PORT 84: PORTSC=0x08x
usb/xhci: PORT 85: PORTSC=0x08x
usb/xhci: PORT 86: PORTSC=0x08x
usb/xhci: PORT 87: PORTSC=0x08x
usb/xhci: PORT 88: PORTSC=0x08x
usb/xhci: PORT 89: PORTSC=0x08x
usb/xhci: PORT 90: PORTSC=0x08x
usb/xhci: PORT 91: PORTSC=0x08x
usb/xhci: PORT 92: PORTSC=0x08x
usb/xhci: PORT 93: PORTSC=0x08x
usb/xhci: PORT 94: PORTSC=0x08x
usb/xhci: PORT 95: PORTSC=0x08x
usb/xhci: PORT 96: PORTSC=0x08x
usb/xhci: PORT 97: PORTSC=0x08x
usb/xhci: PORT 98: PORTSC=0x08x
usb/xhci: PORT 99: PORTSC=0x08x
usb/xhci: PORT 100: PORTSC=0x08x
usb/xhci: PORT 101: PORTSC=0x08x
usb/xhci: PORT 102: PORTSC=0x08x
usb/xhci: PORT 103: PORTSC=0x08x
usb/xhci: PORT 104: PORTSC=0x08x
usb/xhci: PORT 105: PORTSC=0x08x
usb/xhci: PORT 106: PORTSC=0x08x
usb/xhci: PORT 107: PORTSC=0x08x
usb/xhci: PORT 108: PORTSC=0x08x
usb/xhci: PORT 109: PORTSC=0x08x
usb/xhci: PORT 110: PORTSC=0x08x
usb/xhci: PORT 111: PORTSC=0x08x
usb/xhci: PORT 112: PORTSC=0x08x
usb/xhci: PORT 113: PORTSC=0x08x
usb/xhci: PORT 114: PORTSC=0x08x
usb/xhci: PORT 115: PORTSC=0x08x
usb/xhci: PORT 116: PORTSC=0x08x
usb/xhci: PORT 117: PORTSC=0x08x
usb/xhci: PORT 118: PORTSC=0x08x
usb/xhci: PORT 119: PORTSC=0x08x
usb/xhci: PORT 120: PORTSC=0x08x
usb/xhci: PORT 121: PORTSC=0x08x
usb/xhci: PORT 122: PORTSC=0x08x
usb/xhci: PORT 123: PORTSC=0x08x
usb/xhci: PORT 124: PORTSC=0x08x
usb/xhci: PORT 125: PORTSC=0x08x
usb/xhci: PORT 126: PORTSC=0x08x
usb/xhci: PORT 127: PORTSC=0x08x
usb/xhci: PORT 128: PORTSC=0x08x
usb/xhci: PORT 129: PORTSC=0x08x
usb/xhci: PORT 130: PORTSC=0x08x
usb/xhci: PORT 131: PORTSC=0x08x
usb/xhci: PORT 132: PORTSC=0x08x
usb/xhci: PORT 133: PORTSC=0x08x
usb/xhci: PORT 134: PORTSC=0x08x
usb/xhci: PORT 135: PORTSC=0x08x
usb/xhci: PORT 136: PORTSC=0x08x
usb/xhci: PORT 137: PORTSC=0x08x
usb/xhci: PORT 138: PORTSC=0x08x
usb/xhci: PORT 139: PORTSC=0x08x
usb/xhci: PORT 140: PORTSC=0x08x
usb/xhci: PORT 141: PORTSC=0x08x
usb/xhci: PORT 142: PORTSC=0x08x
usb/xhci: PORT 143: PORTSC=0x08x
usb/xhci: PORT 144: PORTSC=0x08x
usb/xhci: PORT 145: PORTSC=0x08x
usb/xhci: PORT 146: PORTSC=0x08x
usb/xhci: PORT 147: PORTSC=0x08x
usb/xhci: PORT 148: PORTSC=0x08x
usb/xhci: PORT 149: PORTSC=0x08x
usb/xhci: PORT 150: PORTSC=0x08x
usb/xhci: PORT 151: PORTSC=0x08x
usb/xhci: PORT 152: PORTSC=0x08x
usb/xhci: PORT 153: PORTSC=0x08x
usb/xhci: PORT 154: PORTSC=0x08x
usb/xhci: PORT 155: PORTSC=0x08x
usb/xhci: PORT 156: PORTSC=0x08x
usb/xhci: PORT 157: PORTSC=0x08x
usb/xhci: PORT 158: PORTSC=0x08x
usb/xhci: PORT 159: PORTSC=0x08x
usb/xhci: PORT 160: PORTSC=0x08x
usb/xhci: PORT 161: PORTSC=0x08x
usb/xhci: PORT 162: PORTSC=0x08x
usb/xhci: PORT 163: PORTSC=0x08x
usb/xhci: PORT 164: PORTSC=0x08x
usb/xhci: PORT 165: PORTSC=0x08x
usb/xhci: PORT 166: PORTSC=0x08x
usb/xhci: PORT 167: PORTSC=0x08x
usb/xhci: PORT 168: PORTSC=0x08x
usb/xhci: PORT 169: PORTSC=0x08x
usb/xhci: PORT 170: PORTSC=0x08x
usb/xhci: PORT 171: PORTSC=0x08x
usb/xhci: PORT 172: PORTSC=0x08x
usb/xhci: PORT 173: PORTSC=0x08x
usb/xhci: PORT 174: PORTSC=0x08x
usb/xhci: PORT 175: PORTSC=0x08x
usb/xhci: PORT 176: PORTSC=0x08x
usb/xhci: PORT 177: PORTSC=0x08x
usb/xhci: PORT 178: PORTSC=0x08x
usb/xhci: PORT 179: PORTSC=0x08x
usb/xhci: PORT 180: PORTSC=0x08x
usb/xhci: PORT 181: PORTSC=0x08x
usb/xhci: PORT 182: PORTSC=0x08x
usb/xhci: PORT 183: PORTSC=0x08x
usb/xhci: PORT 184: PORTSC=0x08x
usb/xhci: PORT 185: PORTSC=0x08x
usb/xhci: PORT 186: PORTSC=0x08x
usb/xhci: PORT 187: PORTSC=0x08x
usb/xhci: PORT 188: PORTSC=0x08x
usb/xhci: PORT 189: PORTSC=0x08x
usb/xhci: PORT 190: PORTSC=0x08x
usb/xhci: PORT 191: PORTSC=0x08x
usb/xhci: PORT 192: PORTSC=0x08x
usb/xhci: PORT 193: PORTSC=0x08x
usb/xhci: PORT 194: PORTSC=0x08x
usb/xhci: PORT 195: PORTSC=0x08x
usb/xhci: PORT 196: PORTSC=0x08x
usb/xhci: PORT 197: PORTSC=0x08x
usb/xhci: PORT 198: PORTSC=0x08x
usb/xhci: PORT 199: PORTSC=0x08x
usb/xhci: PORT 200: PORTSC=0x08x
usb/xhci: PORT 201: PORTSC=0x08x
usb/xhci: PORT 202: PORTSC=0x08x
usb/xhci: PORT 203: PORTSC=0x08x
usb/xhci: PORT 204: PORTSC=0x08x
usb/xhci: PORT 205: PORTSC=0x08x
usb/xhci: PORT 206: PORTSC=0x08x
usb/xhci: PORT 207: PORTSC=0x08x
usb/xhci: PORT 208: PORTSC=0x08x
usb/xhci: PORT 209: PORTSC=0x08x
usb/xhci: PORT 210: PORTSC=0x08x
usb/xhci: PORT 211: PORTSC=0x08x
usb/xhci: PORT 212: PORTSC=0x08x
usb/xhci: PORT 213: PORTSC=0x08x
usb/xhci: PORT 214: PORTSC=0x08x
usb/xhci: PORT 215: PORTSC=0x08x
usb/xhci: PORT 216: PORTSC=0x08x
usb/xhci: PORT 217: PORTSC=0x08x
usb/xhci: PORT 218: PORTSC=0x08x
usb/xhci: PORT 219: PORTSC=0x08x
usb/xhci: PORT 220: PORTSC=0x08x
usb/xhci: PORT 221: PORTSC=0x08x
usb/xhci: PORT 222: PORTSC=0x08x
usb/xhci: PORT 223: PORTSC=0x08x
usb/xhci: PORT 224: PORTSC=0x08x
usb/xhci: PORT 225: PORTSC=0x08x
usb/xhci: PORT 226: PORTSC=0x08x
usb/xhci: PORT 227: PORTSC=0x08x
usb/xhci: PORT 228: PORTSC=0x08x
usb/xhci: PORT 229: PORTSC=0x08x
usb/xhci: PORT 230: PORTSC=0x08x
usb/xhci: PORT 231: PORTSC=0x08x
usb/xhci: PORT 232: PORTSC=0x08x
usb/xhci: PORT 233: PORTSC=0x08x
usb/xhci: PORT 234: PORTSC=0x08x
usb/xhci: PORT 235: PORTSC=0x08x
usb/xhci: PORT 236: PORTSC=0x08x
usb/xhci: PORT 237: PORTSC=0x08x
usb/xhci: PORT 238: PORTSC=0x08x
usb/xhci: PORT 239: PORTSC=0x08x
usb/xhci: PORT 240: PORTSC=0x08x
usb/xhci: programming ERST -> erst_phys=0xp erbuf_phys=0xp
usb/xhci: ringing doorbell index=0 value=0x08x off=0x08x
usb/xhci: enable-slot command timed out or failed
usb/xhci: enable slot failed
